11:56:45.154  [INFO ] e.v.s.SpaceShooterApp msg: Bootstrapping the application...
11:56:45.401  [INFO ] e.v.s.c.MainAppFXMLController msg: Initializing MainAppController...
12:14:24.683  [INFO ] e.v.s.SpaceShooterApp msg: Bootstrapping the application...
12:14:24.919  [INFO ] e.v.s.c.MainAppFXMLController msg: Initializing MainAppController...
12:21:42.524  [INFO ] e.v.s.SpaceShooterApp msg: Bootstrapping the application...
12:21:42.748  [INFO ] e.v.s.c.MainAppFXMLController msg: Initializing MainAppController...
12:26:25.064  [INFO ] e.v.s.SpaceShooterApp msg: Bootstrapping the application...
12:26:25.286  [INFO ] e.v.s.c.MainAppFXMLController msg: Initializing MainAppController...
12:27:10.354  [INFO ] e.v.s.SpaceShooterApp msg: Bootstrapping the application...
12:27:10.608  [INFO ] e.v.s.c.MainAppFXMLController msg: Initializing MainAppController...
12:47:30.176  [INFO ] e.v.s.SpaceShooterApp msg: Bootstrapping the application...
12:47:30.414  [INFO ] e.v.s.c.MainAppFXMLController msg: Initializing MainAppController...
12:49:25.903  [INFO ] e.v.s.SpaceShooterApp msg: Bootstrapping the application...
12:49:26.146  [INFO ] e.v.s.c.MainAppFXMLController msg: Initializing MainAppController...
12:49:57.697  [INFO ] e.v.s.SpaceShooterApp msg: Bootstrapping the application...
12:49:57.944  [INFO ] e.v.s.c.MainAppFXMLController msg: Initializing MainAppController...
13:00:58.940  [INFO ] e.v.s.SpaceShooterApp msg: Bootstrapping the application...
13:00:59.174  [INFO ] e.v.s.c.MainAppFXMLController msg: Initializing MainAppController...
13:01:28.791  [INFO ] e.v.s.SpaceShooterApp msg: Bootstrapping the application...
13:01:29.034  [INFO ] e.v.s.c.MainAppFXMLController msg: Initializing MainAppController...
13:03:14.021  [INFO ] e.v.s.SpaceShooterApp msg: Bootstrapping the application...
13:03:14.267  [INFO ] e.v.s.c.MainAppFXMLController msg: Initializing MainAppController...
13:04:08.455  [INFO ] e.v.s.SpaceShooterApp msg: Bootstrapping the application...
13:04:08.681  [INFO ] e.v.s.c.MainAppFXMLController msg: Initializing MainAppController...
13:04:08.688  [ERROR] e.v.s.SpaceShooterApp msg: 
/D:/Vanier/Fall-2024/420-203-RE/Code/Assignments/space-invaders/build/resources/main/fxml/MainApp_layout.fxml

javafx.fxml.LoadException: 
/D:/Vanier/Fall-2024/420-203-RE/Code/Assignments/space-invaders/build/resources/main/fxml/MainApp_layout.fxml

	at javafx.fxml@22.0.2/javafx.fxml.FXMLLoader.constructLoadException(FXMLLoader.java:2727)
	at javafx.fxml@22.0.2/javafx.fxml.FXMLLoader.loadImpl(FXMLLoader.java:2697)
	at javafx.fxml@22.0.2/javafx.fxml.FXMLLoader.loadImpl(FXMLLoader.java:2568)
	at javafx.fxml@22.0.2/javafx.fxml.FXMLLoader.load(FXMLLoader.java:2536)
	at edu.vanier.spaceshooter.SpaceShooterApp.start(SpaceShooterApp.java:27)
	at javafx.graphics@22.0.2/com.sun.javafx.application.LauncherImpl.lambda$launchApplication1$9(LauncherImpl.java:839)
	at javafx.graphics@22.0.2/com.sun.javafx.application.PlatformImpl.lambda$runAndWait$12(PlatformImpl.java:483)
	at javafx.graphics@22.0.2/com.sun.javafx.application.PlatformImpl.lambda$runLater$10(PlatformImpl.java:456)
	at java.base/java.security.AccessController.doPrivileged(AccessController.java:400)
	at javafx.graphics@22.0.2/com.sun.javafx.application.PlatformImpl.lambda$runLater$11(PlatformImpl.java:455)
	at javafx.graphics@22.0.2/com.sun.glass.ui.InvokeLaterDispatcher$Future.run(InvokeLaterDispatcher.java:95)
	at javafx.graphics@22.0.2/com.sun.glass.ui.win.WinApplication._runLoop(Native Method)
	at javafx.graphics@22.0.2/com.sun.glass.ui.win.WinApplication.lambda$runLoop$3(WinApplication.java:184)
	at java.base/java.lang.Thread.run(Thread.java:1570)
Caused by: java.lang.reflect.InvocationTargetException: null
	at java.base/jdk.internal.reflect.DirectMethodHandleAccessor.invoke(DirectMethodHandleAccessor.java:115)
	at java.base/java.lang.reflect.Method.invoke(Method.java:580)
	at com.sun.javafx.reflect.Trampoline.invoke(MethodUtil.java:72)
	at java.base/jdk.internal.reflect.DirectMethodHandleAccessor.invoke(DirectMethodHandleAccessor.java:103)
	at java.base/java.lang.reflect.Method.invoke(Method.java:580)
	at javafx.base@22.0.2/com.sun.javafx.reflect.MethodUtil.invoke(MethodUtil.java:270)
	at javafx.fxml@22.0.2/com.sun.javafx.fxml.MethodHelper.invoke(MethodHelper.java:84)
	at javafx.fxml@22.0.2/javafx.fxml.FXMLLoader.loadImpl(FXMLLoader.java:2693)
	... 12 common frames omitted
Caused by: java.lang.NullPointerException: Cannot invoke "javafx.scene.Scene.setOnKeyPressed(javafx.event.EventHandler)" because "this.mainScene" is null
	at edu.vanier.spaceshooter.controllers.MainAppFXMLController.setupKeyPressHandlers(MainAppFXMLController.java:71)
	at edu.vanier.spaceshooter.controllers.MainAppFXMLController.setupGameWorld(MainAppFXMLController.java:41)
	at edu.vanier.spaceshooter.controllers.MainAppFXMLController.initialize(MainAppFXMLController.java:36)
	at java.base/jdk.internal.reflect.DirectMethodHandleAccessor.invoke(DirectMethodHandleAccessor.java:103)
	... 19 common frames omitted
13:04:53.901  [INFO ] e.v.s.SpaceShooterApp msg: Bootstrapping the application...
13:04:54.141  [INFO ] e.v.s.c.MainAppFXMLController msg: Initializing MainAppController...
13:04:54.147  [ERROR] e.v.s.SpaceShooterApp msg: 
/D:/Vanier/Fall-2024/420-203-RE/Code/Assignments/space-invaders/build/resources/main/fxml/MainApp_layout.fxml

javafx.fxml.LoadException: 
/D:/Vanier/Fall-2024/420-203-RE/Code/Assignments/space-invaders/build/resources/main/fxml/MainApp_layout.fxml

	at javafx.fxml@22.0.2/javafx.fxml.FXMLLoader.constructLoadException(FXMLLoader.java:2727)
	at javafx.fxml@22.0.2/javafx.fxml.FXMLLoader.loadImpl(FXMLLoader.java:2697)
	at javafx.fxml@22.0.2/javafx.fxml.FXMLLoader.loadImpl(FXMLLoader.java:2568)
	at javafx.fxml@22.0.2/javafx.fxml.FXMLLoader.load(FXMLLoader.java:2536)
	at edu.vanier.spaceshooter.SpaceShooterApp.start(SpaceShooterApp.java:27)
	at javafx.graphics@22.0.2/com.sun.javafx.application.LauncherImpl.lambda$launchApplication1$9(LauncherImpl.java:839)
	at javafx.graphics@22.0.2/com.sun.javafx.application.PlatformImpl.lambda$runAndWait$12(PlatformImpl.java:483)
	at javafx.graphics@22.0.2/com.sun.javafx.application.PlatformImpl.lambda$runLater$10(PlatformImpl.java:456)
	at java.base/java.security.AccessController.doPrivileged(AccessController.java:400)
	at javafx.graphics@22.0.2/com.sun.javafx.application.PlatformImpl.lambda$runLater$11(PlatformImpl.java:455)
	at javafx.graphics@22.0.2/com.sun.glass.ui.InvokeLaterDispatcher$Future.run(InvokeLaterDispatcher.java:95)
	at javafx.graphics@22.0.2/com.sun.glass.ui.win.WinApplication._runLoop(Native Method)
	at javafx.graphics@22.0.2/com.sun.glass.ui.win.WinApplication.lambda$runLoop$3(WinApplication.java:184)
	at java.base/java.lang.Thread.run(Thread.java:1570)
Caused by: java.lang.reflect.InvocationTargetException: null
	at java.base/jdk.internal.reflect.DirectMethodHandleAccessor.invoke(DirectMethodHandleAccessor.java:115)
	at java.base/java.lang.reflect.Method.invoke(Method.java:580)
	at com.sun.javafx.reflect.Trampoline.invoke(MethodUtil.java:72)
	at java.base/jdk.internal.reflect.DirectMethodHandleAccessor.invoke(DirectMethodHandleAccessor.java:103)
	at java.base/java.lang.reflect.Method.invoke(Method.java:580)
	at javafx.base@22.0.2/com.sun.javafx.reflect.MethodUtil.invoke(MethodUtil.java:270)
	at javafx.fxml@22.0.2/com.sun.javafx.fxml.MethodHelper.invoke(MethodHelper.java:84)
	at javafx.fxml@22.0.2/javafx.fxml.FXMLLoader.loadImpl(FXMLLoader.java:2693)
	... 12 common frames omitted
Caused by: java.lang.NullPointerException: Cannot invoke "javafx.scene.Scene.setOnKeyPressed(javafx.event.EventHandler)" because the return value of "javafx.scene.layout.Pane.getScene()" is null
	at edu.vanier.spaceshooter.controllers.MainAppFXMLController.setupKeyPressHandlers(MainAppFXMLController.java:70)
	at edu.vanier.spaceshooter.controllers.MainAppFXMLController.setupGameWorld(MainAppFXMLController.java:40)
	at edu.vanier.spaceshooter.controllers.MainAppFXMLController.initialize(MainAppFXMLController.java:35)
	at java.base/jdk.internal.reflect.DirectMethodHandleAccessor.invoke(DirectMethodHandleAccessor.java:103)
	... 19 common frames omitted
13:06:14.146  [INFO ] e.v.s.SpaceShooterApp msg: Bootstrapping the application...
13:06:14.396  [INFO ] e.v.s.c.MainAppFXMLController msg: Initializing MainAppController...
13:06:26.643  [INFO ] e.v.s.SpaceShooterApp msg: Bootstrapping the application...
13:06:26.883  [INFO ] e.v.s.c.MainAppFXMLController msg: Initializing MainAppController...
13:06:38.417  [INFO ] e.v.s.SpaceShooterApp msg: Bootstrapping the application...
13:06:38.658  [INFO ] e.v.s.c.MainAppFXMLController msg: Initializing MainAppController...
13:08:59.285  [INFO ] e.v.s.SpaceShooterApp msg: Bootstrapping the application...
13:08:59.504  [INFO ] e.v.s.c.MainAppFXMLController msg: Initializing MainAppController...
13:10:32.497  [INFO ] e.v.s.SpaceShooterApp msg: Bootstrapping the application...
13:10:32.737  [INFO ] e.v.s.c.MainAppFXMLController msg: Initializing MainAppController...
13:11:42.836  [INFO ] e.v.s.SpaceShooterApp msg: Bootstrapping the application...
13:11:43.077  [INFO ] e.v.s.c.MainAppFXMLController msg: Initializing MainAppController...
09:50:59.052  [INFO ] e.v.s.SpaceShooterApp msg: Bootstrapping the application...
09:50:59.297  [INFO ] e.v.s.c.MainAppFXMLController msg: Initializing MainAppController...
09:51:13.063  [INFO ] e.v.s.SpaceShooterApp msg: Bootstrapping the application...
09:51:13.292  [INFO ] e.v.s.c.MainAppFXMLController msg: Initializing MainAppController...
09:51:58.653  [INFO ] e.v.s.SpaceShooterApp msg: Bootstrapping the application...
09:51:58.877  [INFO ] e.v.s.c.MainAppFXMLController msg: Initializing MainAppController...
22:55:52.859  [INFO ] e.v.s.SpaceShooterApp msg: Bootstrapping the application...
22:55:53.422  [INFO ] e.v.s.c.MainAppFXMLController msg: Initializing MainAppController...
23:04:38.888  [INFO ] e.v.s.SpaceShooterApp msg: Bootstrapping the application...
23:04:39.414  [INFO ] e.v.s.c.MainAppFXMLController msg: Initializing MainAppController...
23:07:35.877  [INFO ] e.v.s.SpaceShooterApp msg: Bootstrapping the application...
23:07:36.394  [INFO ] e.v.s.c.MainAppFXMLController msg: Initializing MainAppController...
